  AdminForm.cpp
  FirstForm.cpp
C:\Users\kidis\OneDrive\Рабочий стол\Курсовой проект\KurProject\FirstForm.h(660,21): warning C4566: символ, представленный универсальным именем символа "\u00F3", невозможно представить в текущей кодовой странице (1251)
C:\Users\kidis\OneDrive\Рабочий стол\Курсовой проект\KurProject\FirstForm.h(663,21): warning C4566: символ, представленный универсальным именем символа "\u00F3", невозможно представить в текущей кодовой странице (1251)
C:\Users\kidis\OneDrive\Рабочий стол\Курсовой проект\KurProject\FirstForm.h(672,21): warning C4566: символ, представленный универсальным именем символа "\u00F3", невозможно представить в текущей кодовой странице (1251)
  Log2Form.cpp
C:\Users\kidis\OneDrive\Рабочий стол\Курсовой проект\KurProject\FirstForm.h(660,21): warning C4566: символ, представленный универсальным именем символа "\u00F3", невозможно представить в текущей кодовой странице (1251)
C:\Users\kidis\OneDrive\Рабочий стол\Курсовой проект\KurProject\FirstForm.h(663,21): warning C4566: символ, представленный универсальным именем символа "\u00F3", невозможно представить в текущей кодовой странице (1251)
C:\Users\kidis\OneDrive\Рабочий стол\Курсовой проект\KurProject\FirstForm.h(672,21): warning C4566: символ, представленный универсальным именем символа "\u00F3", невозможно представить в текущей кодовой странице (1251)
  LogForm.cpp
C:\Users\kidis\OneDrive\Рабочий стол\Курсовой проект\KurProject\FirstForm.h(660,21): warning C4566: символ, представленный универсальным именем символа "\u00F3", невозможно представить в текущей кодовой странице (1251)
C:\Users\kidis\OneDrive\Рабочий стол\Курсовой проект\KurProject\FirstForm.h(663,21): warning C4566: символ, представленный универсальным именем символа "\u00F3", невозможно представить в текущей кодовой странице (1251)
C:\Users\kidis\OneDrive\Рабочий стол\Курсовой проект\KurProject\FirstForm.h(672,21): warning C4566: символ, представленный универсальным именем символа "\u00F3", невозможно представить в текущей кодовой странице (1251)
  MainForm.cpp
C:\Users\kidis\OneDrive\Рабочий стол\Курсовой проект\KurProject\FirstForm.h(660,21): warning C4566: символ, представленный универсальным именем символа "\u00F3", невозможно представить в текущей кодовой странице (1251)
C:\Users\kidis\OneDrive\Рабочий стол\Курсовой проект\KurProject\FirstForm.h(663,21): warning C4566: символ, представленный универсальным именем символа "\u00F3", невозможно представить в текущей кодовой странице (1251)
C:\Users\kidis\OneDrive\Рабочий стол\Курсовой проект\KurProject\FirstForm.h(672,21): warning C4566: символ, представленный универсальным именем символа "\u00F3", невозможно представить в текущей кодовой странице (1251)
C:\Users\kidis\OneDrive\Рабочий стол\Курсовой проект\KurProject\MainForm.cpp(7,1): warning C4829: Возможно, неправильные параметры функции main. Рекомендуемый вариант - "int main(Platform::Array<Platform::String^>^ argv)"
  Offers.cpp
  SignForm.cpp
C:\Users\kidis\OneDrive\Рабочий стол\Курсовой проект\KurProject\FirstForm.h(660,21): warning C4566: символ, представленный универсальным именем символа "\u00F3", невозможно представить в текущей кодовой странице (1251)
C:\Users\kidis\OneDrive\Рабочий стол\Курсовой проект\KurProject\FirstForm.h(663,21): warning C4566: символ, представленный универсальным именем символа "\u00F3", невозможно представить в текущей кодовой странице (1251)
C:\Users\kidis\OneDrive\Рабочий стол\Курсовой проект\KurProject\FirstForm.h(672,21): warning C4566: символ, представленный универсальным именем символа "\u00F3", невозможно представить в текущей кодовой странице (1251)
  Создание кода...
  AdminForm.obj : обнаружен модуль MSIL; для MSIL последовательная компоновка отключена; выполняется полная компоновка
  KurProject.vcxproj -> C:\Users\kidis\OneDrive\Рабочий стол\Курсовой проект\x64\Debug\KurProject.exe
